<?xml version="1.0" encoding="UTF-8"?>
<!-- Generated by org.testng.reporters.JUnitXMLReporter -->
<testsuite ignored="0" hostname="Badawi" failures="2" tests="88" name="DolingoMobile Testing Project" time="1398.418" errors="0" timestamp="2025-09-23T05:28:02 EEST">
  <testcase classname="QA_Bootcamp.Hala_Test.TS1_AddTask" name="testAddSimpleTask" time="13.086"/>
  <testcase classname="QA_Bootcamp.Hala_Test.TS1_AddTask" name="testAddEmptyTaskTitle" time="3.542"/>
  <testcase classname="QA_Bootcamp.Hala_Test.TS1_AddTask" name="testAddInvalidTaskTitle" time="11.059"/>
  <testcase classname="QA_Bootcamp.Hala_Test.TS1_AddTask" name="testAddTaskWithPriority" time="13.193"/>
  <testcase classname="QA_Bootcamp.Hala_Test.TS1_AddTask" name="testAddTaskWithDueDateToday" time="14.8"/>
  <testcase classname="QA_Bootcamp.Hala_Test.TS1_AddTask" name="testAddTaskWithDueDateTomorrow" time="16.018"/>
  <testcase classname="QA_Bootcamp.Hala_Test.TS1_AddTask" name="testAddTaskWithExpiredDate" time="16.18"/>
  <testcase classname="QA_Bootcamp.Hala_Test.TS1_AddTask" name="test_Invalid_Date" time="19.497"/>
  <testcase classname="QA_Bootcamp.Hala_Test.TS1_AddTask" name="testAddTaskWithoutDueDate" time="13.488"/>
  <testcase classname="QA_Bootcamp.Hala_Test.TS1_AddTask" name="testAddTagAndTaskWithTag" time="16.849"/>
  <testcase classname="QA_Bootcamp.Hala_Test.TS1_AddTask" name="addSubtaskAndVerify" time="17.218"/>
  <testcase classname="QA_Bootcamp.Hala_Test.TS1_AddTask" name="testAddTaskWithDescription" time="13.126"/>
  <testcase classname="QA_Bootcamp.Hala_Test.TS1_AddTask" name="testAddTaskWithDailyRecurrence" time="13.83"/>
  <testcase classname="QA_Bootcamp.Hala_Test.TS1_AddTask" name="testDuplicatedTask" time="15.61"/>
  <testcase classname="QA_Bootcamp.Saif_Test.TestingS" name="testEnableAndAddReminder" time="16.198"/>
  <testcase classname="QA_Bootcamp.Saif_Test.TestingS" name="testEditDueDateReminder" time="7.859"/>
  <testcase classname="QA_Bootcamp.Saif_Test.TestingS" name="testSetDueDateThenClear" time="9.231"/>
  <testcase classname="QA_Bootcamp.Saif_Test.TestingS" name="testAddReminderWhenStarted" time="16.815"/>
  <testcase classname="QA_Bootcamp.Saif_Test.TestingS" name="testAddReminderWhenOverdue" time="13.619"/>
  <testcase classname="QA_Bootcamp.Saif_Test.TestingS" name="testMultipleReminders" time="34.659"/>
  <testcase classname="QA_Bootcamp.Saif_Test.TestingS" name="testEditMultipleRemindersTo20Min" time="136.831"/>
  <testcase classname="QA_Bootcamp.Saif_Test.TestingS" name="testRemoveMultipleReminders" time="11.612"/>
  <testcase classname="QA_Bootcamp.Saif_Test.TestingS" name="testRemoveDefaultWhenDueReminder" time="8.601"/>
  <testcase classname="QA_Bootcamp.Saif_Test.TestingS" name="testAddAfterRemovingReminder" time="20.974"/>
  <testcase classname="QA_Bootcamp.Saif_Test.TestingS" name="testAddReminderPickDateTime" time="15.077"/>
  <testcase classname="QA_Bootcamp.Saif_Test.TestingS" name="testCreateRecurringTaskDaily" time="9.253"/>
  <testcase classname="QA_Bootcamp.Saif_Test.TestingS" name="testCreateRecurringTaskWeekly" time="12.812"/>
  <testcase classname="QA_Bootcamp.Saif_Test.TestingS" name="testEditRecurringTaskToDaily" time="4.499"/>
  <testcase classname="QA_Bootcamp.Saif_Test.TestingS" name="testRemoveRecurringFromTask" time="4.455"/>
  <testcase classname="QA_Bootcamp.Badawi_Test.TS3_DeleteTask" name="AddDemoTasks" time="20.94"/>
  <testcase classname="QA_Bootcamp.Badawi_Test.TS3_DeleteTask" name="DeleteTask" time="5.236"/>
  <testcase classname="QA_Bootcamp.Badawi_Test.TS3_DeleteTask" name="CancelDeleteTask" time="5.695"/>
  <testcase classname="QA_Bootcamp.Badawi_Test.TS3_DeleteTask" name="DeleteFromTask" time="4.786"/>
  <testcase classname="QA_Bootcamp.Badawi_Test.TS3_DeleteTask" name="DeleteMultipleTasks" time="30.208"/>
  <testcase classname="QA_Bootcamp.Badawi_Test.TS3_DeleteTask" name="DeleteAllTask" time="31.365"/>
  <testcase classname="QA_Bootcamp.Badawi_Test.TS3_DeleteTask" name="ClearCompleteTask" time="17.659"/>
  <testcase classname="QA_Bootcamp.Badawi_Test.TS3_DeleteTask" name="DeleteMixedTask" time="28.857"/>
  <testcase classname="QA_Bootcamp.Badawi_Test.TS3_DeleteTask" name="DeleteFromSearch" time="16.28"/>
  <testcase classname="QA_Bootcamp.Badawi_Test.TS3_DeleteTask" name="DeletePriority1" time="15.095"/>
  <testcase classname="QA_Bootcamp.Badawi_Test.TS3_DeleteTask" name="DeletePriority2" time="15.321"/>
  <testcase classname="QA_Bootcamp.Badawi_Test.TS3_DeleteTask" name="DeletePriority3" time="15.728"/>
  <testcase classname="QA_Bootcamp.Badawi_Test.TS3_DeleteTask" name="DeletePriority4" time="15.298"/>
  <testcase classname="QA_Bootcamp.Hala_Test.TS2_EditTask" name="testEditTaskTitle" time="16.588"/>
  <testcase classname="QA_Bootcamp.Hala_Test.TS2_EditTask" name="testEditTaskDescriptionAndPriority" time="22.468"/>
  <testcase classname="QA_Bootcamp.Hala_Test.TS2_EditTask" name="testEditTaskDueDate" time="21.364"/>
  <testcase classname="QA_Bootcamp.Hala_Test.TS2_EditTask" name="testEditTime" time="32.444">
    <failure type="org.openqa.selenium.TimeoutException" message="Expected condition failed: waiting for element to be clickable: By.AndroidUIAutomator: new UiSelector().text(&amp;quot;Tomorrow 1 PM&amp;quot;) (tried for 20 second(s) with 500 milliseconds interval)">
      <![CDATA[org.openqa.selenium.TimeoutException: Expected condition failed: waiting for element to be clickable: By.AndroidUIAutomator: new UiSelector().text("Tomorrow 1 PM") (tried for 20 second(s) with 500 milliseconds interval)
at org.openqa.selenium.support.ui.WebDriverWait.timeoutException(WebDriverWait.java:95)
at org.openqa.selenium.support.ui.FluentWait.until(FluentWait.java:272)
at QA_Bootcamp.Hala_Test.TS2_EditTask.testEditTime(TS2_EditTask.java:180)
at java.base/java.util.ArrayList.forEach(ArrayList.java:1604)
Caused by: org.openqa.selenium.NoSuchElementException: An element could not be located on the page using the given search parameters.
For documentation on this error, please visit: https://www.seleniumhq.org/exceptions/no_such_element.html
Build info: version: '3.141.59', revision: 'e82be7d358', time: '2018-11-14T08:17:03'
System info: host: 'BADAWI', ip: '192.168.1.7', os.name: 'Windows 11', os.arch: 'amd64', os.version: '10.0', java.version: '24.0.2'
Driver info: io.appium.java_client.android.AndroidDriver
Capabilities {appActivity: com.todoroo.astrid.activity..., appPackage: org.tasks, automationName: UiAutomator2, databaseEnabled: false, desired: {appActivity: com.todoroo.astrid.activity..., appPackage: org.tasks, automationName: UiAutomator2, deviceName: sdk_gphone64_x86_64, noReset: false, platformName: android, resetKeyboard: true, udid: emulator-5554, unicodeKeyboard: true}, deviceApiLevel: 36, deviceManufacturer: Google, deviceModel: sdk_gphone64_x86_64, deviceName: emulator-5554, deviceScreenDensity: 420, deviceScreenSize: 1080x2400, deviceUDID: emulator-5554, javascriptEnabled: true, locationContextEnabled: false, networkConnectionEnabled: true, noReset: false, pixelRatio: 2.625, platform: LINUX, platformName: Android, platformVersion: 16, resetKeyboard: true, statBarHeight: 136, takesScreenshot: true, udid: emulator-5554, unicodeKeyboard: true, viewportRect: {height: 2264, left: 0, top: 136, width: 1080}, warnings: {}, webStorageEnabled: false}
Session ID: b95cefef-1e6e-4d50-bf3f-415cf83ed1b0
*** Element info: {Using=-android uiautomator, value=new UiSelector().text("Tomorrow 1 PM")}
at org.openqa.selenium.remote.http.W3CHttpResponseCodec.createException(W3CHttpResponseCodec.java:187)
at org.openqa.selenium.remote.http.W3CHttpResponseCodec.decode(W3CHttpResponseCodec.java:122)
at org.openqa.selenium.remote.http.W3CHttpResponseCodec.decode(W3CHttpResponseCodec.java:49)
at org.openqa.selenium.remote.HttpCommandExecutor.execute(HttpCommandExecutor.java:158)
at io.appium.java_client.remote.AppiumCommandExecutor.execute(AppiumCommandExecutor.java:250)
at org.openqa.selenium.remote.RemoteWebDriver.execute(RemoteWebDriver.java:552)
at io.appium.java_client.DefaultGenericMobileDriver.execute(DefaultGenericMobileDriver.java:41)
at io.appium.java_client.AppiumDriver.execute(AppiumDriver.java:1)
at io.appium.java_client.android.AndroidDriver.execute(AndroidDriver.java:1)
at org.openqa.selenium.remote.RemoteWebDriver.findElement(RemoteWebDriver.java:323)
at io.appium.java_client.DefaultGenericMobileDriver.findElement(DefaultGenericMobileDriver.java:61)
at io.appium.java_client.AppiumDriver.findElement(AppiumDriver.java:1)
at io.appium.java_client.android.AndroidDriver.findElement(AndroidDriver.java:1)
at io.appium.java_client.FindsByAndroidUIAutomator.findElementByAndroidUIAutomator(FindsByAndroidUIAutomator.java:38)
at io.appium.java_client.MobileBy$ByAndroidUIAutomator.findElement(MobileBy.java:220)
at org.openqa.selenium.remote.RemoteWebDriver.findElement(RemoteWebDriver.java:315)
at io.appium.java_client.DefaultGenericMobileDriver.findElement(DefaultGenericMobileDriver.java:57)
at io.appium.java_client.AppiumDriver.findElement(AppiumDriver.java:1)
at io.appium.java_client.android.AndroidDriver.findElement(AndroidDriver.java:1)
at org.openqa.selenium.support.ui.ExpectedConditions$7.apply(ExpectedConditions.java:205)
at org.openqa.selenium.support.ui.ExpectedConditions$7.apply(ExpectedConditions.java:201)
at org.openqa.selenium.support.ui.ExpectedConditions$22.apply(ExpectedConditions.java:641)
at org.openqa.selenium.support.ui.ExpectedConditions$22.apply(ExpectedConditions.java:638)
at org.openqa.selenium.support.ui.FluentWait.until(FluentWait.java:249)
... 27 more
... Removed 28 stack frames]]>
    </failure>
  </testcase> <!-- testEditTime -->
  <testcase classname="QA_Bootcamp.Badawi_Test.TS4_CompleteTask" name="AddDemoTasks" time="20.971"/>
  <testcase classname="QA_Bootcamp.Badawi_Test.TS4_CompleteTask" name="MarkTaskComplete" time="3.552"/>
  <testcase classname="QA_Bootcamp.Badawi_Test.TS4_CompleteTask" name="UndoCompletion" time="0.132"/>
  <testcase classname="QA_Bootcamp.Badawi_Test.TS4_CompleteTask" name="MarkTaskUncomplete" time="4.236"/>
  <testcase classname="QA_Bootcamp.Badawi_Test.TS4_CompleteTask" name="RabidCompleteClick" time="26.726"/>
  <testcase classname="QA_Bootcamp.Badawi_Test.TS4_CompleteTask" name="MarkTaskUncompleteDetail" time="19.566"/>
  <testcase classname="QA_Bootcamp.Badawi_Test.TS4_CompleteTask" name="MarkTaskCompleteDetail" time="16.095"/>
  <testcase classname="QA_Bootcamp.Badawi_Test.TS4_CompleteTask" name="MarkCompleteWithSubtasks" time="26.099"/>
  <testcase classname="QA_Bootcamp.Badawi_Test.TS4_CompleteTask" name="CompletePriority1" time="22.97"/>
  <testcase classname="QA_Bootcamp.Badawi_Test.TS4_CompleteTask" name="CompletePriority2" time="23.245"/>
  <testcase classname="QA_Bootcamp.Badawi_Test.TS4_CompleteTask" name="CompletePriority3" time="22.687"/>
  <testcase classname="QA_Bootcamp.Badawi_Test.TS4_CompleteTask" name="CompletePriority4" time="22.318"/>
  <testcase classname="QA_Bootcamp.Ahmed_Test.Test_Search" name="AddDemoTask" time="14.063"/>
  <testcase classname="QA_Bootcamp.Ahmed_Test.Test_Search" name="validInvalidSearchTest" time="4.65"/>
  <testcase classname="QA_Bootcamp.Ahmed_Test.Test_Search" name="validInvalidSearchTest" time="3.716"/>
  <testcase classname="QA_Bootcamp.Ahmed_Test.Test_Search" name="validInvalidSearchTest" time="3.455"/>
  <testcase classname="QA_Bootcamp.Ahmed_Test.Test_Search" name="validInvalidSearchTest" time="3.424"/>
  <testcase classname="QA_Bootcamp.Ahmed_Test.Test_Search" name="validInvalidSearchTest" time="3.27"/>
  <testcase classname="QA_Bootcamp.Ahmed_Test.Test_Search" name="validInvalidSearchTest" time="2.777"/>
  <testcase classname="QA_Bootcamp.Ahmed_Test.Test_Search" name="validInvalidSearchTest" time="3.379"/>
  <testcase classname="QA_Bootcamp.Ahmed_Test.Test_Search" name="validInvalidSearchTest" time="3.391"/>
  <testcase classname="QA_Bootcamp.Ahmed_Test.Test_Search" name="validInvalidSearchTest" time="3.672"/>
  <testcase classname="QA_Bootcamp.Ahmed_Test.Test_Search" name="resetSearchBarTest" time="5.36"/>
  <testcase classname="QA_Bootcamp.Ahmed_Test.Test_Search" name="resetSearchBarTest" time="4.424"/>
  <testcase classname="QA_Bootcamp.Ahmed_Test.Test_Search" name="resetSearchBarTest" time="3.891"/>
  <testcase classname="QA_Bootcamp.Ahmed_Test.Test_Search" name="resetSearchBarTest" time="4.431"/>
  <testcase classname="QA_Bootcamp.Ahmed_Test.Test_Search" name="collapseArrowTest" time="0.795"/>
  <testcase classname="QA_Bootcamp.Ahmed_Test.Test_Sorting" name="testCompletedWorkflowClose" time="6.282"/>
  <testcase classname="QA_Bootcamp.Ahmed_Test.Test_Sorting" name="testCompletedWorkflowOpen" time="6.147"/>
  <testcase classname="QA_Bootcamp.Ahmed_Test.Test_Sorting" name="testFullSortingFlow" time="16.069"/>
  <testcase classname="QA_Bootcamp.Ahmed_Test.Test_Sorting" name="testFullSortingFlow" time="17.038"/>
  <testcase classname="QA_Bootcamp.Ahmed_Test.Test_Sorting" name="testFullSortingFlow" time="15.611"/>
  <testcase classname="QA_Bootcamp.Ahmed_Test.Test_Sorting" name="testFullSortingFlow" time="16.632"/>
  <testcase classname="QA_Bootcamp.Ahmed_Test.Test_Sorting" name="testFullSortingFlow" time="17.32"/>
  <testcase classname="QA_Bootcamp.Ahmed_Test.Test_Sorting" name="testFullSortingFlow" time="15.545"/>
  <testcase classname="QA_Bootcamp.Ahmed_Test.Test_Sorting" name="testFullSortingFlow" time="16.599"/>
  <testcase classname="QA_Bootcamp.Ahmed_Test.Test_Sorting" name="testFullSortingFlow" time="15.749"/>
  <testcase classname="QA_Bootcamp.Ahmed_Test.Test_Sorting" name="testFullSortingFlow" time="16.446"/>
  <testcase classname="QA_Bootcamp.Ahmed_Test.Test_Sorting" name="testFullSortingFlow" time="16.829"/>
  <testcase classname="QA_Bootcamp.Ahmed_Test.Test_Sorting" name="testFullSortingFlow" time="14.907"/>
  <testcase classname="QA_Bootcamp.Ahmed_Test.Test_Sorting" name="testFullSortingFlow" time="15.577"/>
  <testcase classname="QA_Bootcamp.Ahmed_Test.Test_Sorting" name="testFullSortingFlow" time="25.174">
    <failure type="java.lang.AssertionError" message="Sorting flow failed for grouping: &amp;apos;None&amp;apos;, sorting: &amp;apos;By title&amp;apos;, subtask: &amp;apos;By title&amp;apos;, completed: &amp;apos;By creation time&amp;apos; expected [true] but found [false]">
      <![CDATA[java.lang.AssertionError: Sorting flow failed for grouping: 'None', sorting: 'By title', subtask: 'By title', completed: 'By creation time' expected [true] but found [false]
at QA_Bootcamp.Ahmed_Test.Test_Sorting.testFullSortingFlow(Test_Sorting.java:35)
at java.base/java.util.ArrayList.forEach(ArrayList.java:1604)
... Removed 28 stack frames]]>
    </failure>
  </testcase> <!-- testFullSortingFlow -->
</testsuite> <!-- DolingoMobile Testing Project -->
