<html>
<head>
<title>TestNG:  DolingoMobile Testing Project</title>
<link href="../testng.css" rel="stylesheet" type="text/css" />
<link href="../my-testng.css" rel="stylesheet" type="text/css" />

<style type="text/css">
.log { display: none;} 
.stack-trace { display: none;} 
</style>
<script type="text/javascript">
<!--
function flip(e) {
  current = e.style.display;
  if (current == 'block') {
    e.style.display = 'none';
    return 0;
  }
  else {
    e.style.display = 'block';
    return 1;
  }
}

function toggleBox(szDivId, elem, msg1, msg2)
{
  var res = -1;  if (document.getElementById) {
    res = flip(document.getElementById(szDivId));
  }
  else if (document.all) {
    // this is the way old msie versions work
    res = flip(document.all[szDivId]);
  }
  if(elem) {
    if(res == 0) elem.innerHTML = msg1; else elem.innerHTML = msg2;
  }

}

function toggleAllBoxes() {
  if (document.getElementsByTagName) {
    d = document.getElementsByTagName('div');
    for (i = 0; i < d.length; i++) {
      if (d[i].className == 'log') {
        flip(d[i]);
      }
    }
  }
}

// -->
</script>

</head>
<body>
<h2 align='center'>DolingoMobile Testing Project</h2><table border='1' align="center">
<tr>
<td>Tests passed/Failed/Skipped:</td><td>86/2/0</td>
</tr><tr>
<td>Started on:</td><td>Tue Sep 23 05:04:44 EEST 2025</td>
</tr>
<tr><td>Total time:</td><td>1398 seconds (1398418 ms)</td>
</tr><tr>
<td>Included groups:</td><td></td>
</tr><tr>
<td>Excluded groups:</td><td></td>
</tr>
</table><p/>
<small><i>(Hover the method name to see the test class name)</i></small><p/>
<table width='100%' border='1' class='invocation-failed'>
<tr><td colspan='4' align='center'><b>FAILED TESTS</b></td></tr>
<tr><td><b>Test method</b></td>
<td><b>Attribute(s)</b></td>
<td width="30%"><b>Exception</b></td>
<td width="10%"><b>Time (seconds)</b></td>
<td><b>Instance</b></td>
</tr>
<tr>
<td title='QA_Bootcamp.Hala_Test.TS2_EditTask.testEditTime()'><b>testEditTime</b><br>Test class: QA_Bootcamp.Hala_Test.TS2_EditTask</td>
<td><div><pre>org.openqa.selenium.TimeoutException: Expected condition failed: waiting for element to be clickable: By.AndroidUIAutomator: new UiSelector().text(&quot;Tomorrow 1 PM&quot;) (tried for 20 second(s) with 500 milliseconds interval)
	at org.openqa.selenium.support.ui.WebDriverWait.timeoutException(WebDriverWait.java:95)
	at org.openqa.selenium.support.ui.FluentWait.until(FluentWait.java:272)
	at QA_Bootcamp.Hala_Test.TS2_EditTask.testEditTime(TS2_EditTask.java:180)
	at java.base/java.util.ArrayList.forEach(ArrayList.java:1604)
Caused by: org.openqa.selenium.NoSuchElementException: An element could not be located on the page using the given search parameters.
For documentation on this error, please visit: https://www.seleniumhq.org/exceptions/no_such_element.html
Build info: version: &apos;3.141.59&apos;, revision: &apos;e82be7d358&apos;, time: &apos;2018-11-14T08:17:03&apos;
System info: host: &apos;BADAWI&apos;, ip: &apos;192.168.1.7&apos;, os.name: &apos;Windows 11&apos;, os.arch: &apos;amd64&apos;, os.version: &apos;10.0&apos;, java.version: &apos;24.0.2&apos;
Driver info: io.appium.java_client.android.AndroidDriver
Capabilities {appActivity: com.todoroo.astrid.activity..., appPackage: org.tasks, automationName: UiAutomator2, databaseEnabled: false, desired: {appActivity: com.todoroo.astrid.activity..., appPackage: org.tasks, automationName: UiAutomator2, deviceName: sdk_gphone64_x86_64, noReset: false, platformName: android, resetKeyboard: true, udid: emulator-5554, unicodeKeyboard: true}, deviceApiLevel: 36, deviceManufacturer: Google, deviceModel: sdk_gphone64_x86_64, deviceName: emulator-5554, deviceScreenDensity: 420, deviceScreenSize: 1080x2400, deviceUDID: emulator-5554, javascriptEnabled: true, locationContextEnabled: false, networkConnectionEnabled: true, noReset: false, pixelRatio: 2.625, platform: LINUX, platformName: Android, platformVersion: 16, resetKeyboard: true, statBarHeight: 136, takesScreenshot: true, udid: emulator-5554, unicodeKeyboard: true, viewportRect: {height: 2264, left: 0, top: 136, width: 1080}, warnings: {}, webStorageEnabled: false}
Session ID: b95cefef-1e6e-4d50-bf3f-415cf83ed1b0
*** Element info: {Using=-android uiautomator, value=new UiSelector().text(&quot;Tomorrow 1 PM&quot;)}
	at org.openqa.selenium.remote.http.W3CHttpResponseCodec.createException(W3CHttpResponseCodec.java:187)
	at org.openqa.selenium.remote.http.W3CHttpResponseCodec.decode(W3CHttpResponseCodec.java:122)
	at org.openqa.selenium.remote.http.W3CHttpResponseCodec.decode(W3CHttpResponseCodec.java:49)
	at org.openqa.selenium.remote.HttpCommandExecutor.execute(HttpCommandExecutor.java:158)
	at io.appium.java_client.remote.AppiumCommandExecutor.execute(AppiumCommandExecutor.java:250)
	at org.openqa.selenium.remote.RemoteWebDriver.execute(RemoteWebDriver.java:552)
	at io.appium.java_client.DefaultGenericMobileDriver.execute(DefaultGenericMobileDriver.java:41)
	at io.appium.java_client.AppiumDriver.execute(AppiumDriver.java:1)
	at io.appium.java_client.android.AndroidDriver.execute(AndroidDriver.java:1)
	at org.openqa.selenium.remote.RemoteWebDriver.findElement(RemoteWebDriver.java:323)
	at io.appium.java_client.DefaultGenericMobileDriver.findElement(DefaultGenericMobileDriver.java:61)
	at io.appium.java_client.AppiumDriver.findElement(AppiumDriver.java:1)
	at io.appium.java_client.android.AndroidDriver.findElement(AndroidDriver.java:1)
	at io.appium.java_client.FindsByAndroidUIAutomator.findElementByAndroidUIAutomator(FindsByAndroidUIAutomator.java:38)
	at io.appium.java_client.MobileBy$ByAndroidUIAutomator.findElement(MobileBy.java:220)
	at org.openqa.selenium.remote.RemoteWebDriver.findElement(RemoteWebDriver.java:315)
	at io.appium.java_client.DefaultGenericMobileDriver.findElement(DefaultGenericMobileDriver.java:57)
	at io.appium.java_client.AppiumDriver.findElement(AppiumDriver.java:1)
	at io.appium.java_client.android.AndroidDriver.findElement(AndroidDriver.java:1)
	at org.openqa.selenium.support.ui.ExpectedConditions$7.apply(ExpectedConditions.java:205)
	at org.openqa.selenium.support.ui.ExpectedConditions$7.apply(ExpectedConditions.java:201)
	at org.openqa.selenium.support.ui.ExpectedConditions$22.apply(ExpectedConditions.java:641)
	at org.openqa.selenium.support.ui.ExpectedConditions$22.apply(ExpectedConditions.java:638)
	at org.openqa.selenium.support.ui.FluentWait.until(FluentWait.java:249)
	... 27 more
... Removed 28 stack frames</pre></div><a href='#' onClick='toggleBox("stack-trace2011547493", this, "Click to show all stack frames", "Click to hide stack frames")'>Click to show all stack frames</a>
<div class='stack-trace' id='stack-trace2011547493'><pre>org.openqa.selenium.TimeoutException: Expected condition failed: waiting for element to be clickable: By.AndroidUIAutomator: new UiSelector().text(&quot;Tomorrow 1 PM&quot;) (tried for 20 second(s) with 500 milliseconds interval)
	at org.openqa.selenium.support.ui.WebDriverWait.timeoutException(WebDriverWait.java:95)
	at org.openqa.selenium.support.ui.FluentWait.until(FluentWait.java:272)
	at QA_Bootcamp.Hala_Test.TS2_EditTask.testEditTime(TS2_EditTask.java:180)
	at java.base/jdk.internal.reflect.DirectMethodHandleAccessor.invoke(DirectMethodHandleAccessor.java:104)
	at java.base/java.lang.reflect.Method.invoke(Method.java:565)
	at org.testng.internal.invokers.MethodInvocationHelper.invokeMethod(MethodInvocationHelper.java:141)
	at org.testng.internal.invokers.TestInvoker.invokeMethod(TestInvoker.java:687)
	at org.testng.internal.invokers.TestInvoker.invokeTestMethod(TestInvoker.java:230)
	at org.testng.internal.invokers.MethodRunner.runInSequence(MethodRunner.java:63)
	at org.testng.internal.invokers.TestInvoker$MethodInvocationAgent.invoke(TestInvoker.java:995)
	at org.testng.internal.invokers.TestInvoker.invokeTestMethods(TestInvoker.java:203)
	at org.testng.internal.invokers.TestMethodWorker.invokeTestMethods(TestMethodWorker.java:154)
	at org.testng.internal.invokers.TestMethodWorker.run(TestMethodWorker.java:134)
	at java.base/java.util.ArrayList.forEach(ArrayList.java:1604)
	at org.testng.TestRunner.privateRun(TestRunner.java:741)
	at org.testng.TestRunner.run(TestRunner.java:616)
	at org.testng.SuiteRunner.runTest(SuiteRunner.java:421)
	at org.testng.SuiteRunner.runSequentially(SuiteRunner.java:413)
	at org.testng.SuiteRunner.privateRun(SuiteRunner.java:373)
	at org.testng.SuiteRunner.run(SuiteRunner.java:312)
	at org.testng.SuiteRunnerWorker.runSuite(SuiteRunnerWorker.java:52)
	at org.testng.SuiteRunnerWorker.run(SuiteRunnerWorker.java:95)
	at org.testng.TestNG.runSuitesSequentially(TestNG.java:1274)
	at org.testng.TestNG.runSuitesLocally(TestNG.java:1208)
	at org.testng.TestNG.runSuites(TestNG.java:1112)
	at org.testng.TestNG.run(TestNG.java:1079)
	at org.testng.remote.AbstractRemoteTestNG.run(AbstractRemoteTestNG.java:115)
	at org.testng.remote.RemoteTestNG.initAndRun(RemoteTestNG.java:293)
	at org.testng.remote.RemoteTestNG.main(RemoteTestNG.java:91)
Caused by: org.openqa.selenium.NoSuchElementException: An element could not be located on the page using the given search parameters.
For documentation on this error, please visit: https://www.seleniumhq.org/exceptions/no_such_element.html
Build info: version: &apos;3.141.59&apos;, revision: &apos;e82be7d358&apos;, time: &apos;2018-11-14T08:17:03&apos;
System info: host: &apos;BADAWI&apos;, ip: &apos;192.168.1.7&apos;, os.name: &apos;Windows 11&apos;, os.arch: &apos;amd64&apos;, os.version: &apos;10.0&apos;, java.version: &apos;24.0.2&apos;
Driver info: io.appium.java_client.android.AndroidDriver
Capabilities {appActivity: com.todoroo.astrid.activity..., appPackage: org.tasks, automationName: UiAutomator2, databaseEnabled: false, desired: {appActivity: com.todoroo.astrid.activity..., appPackage: org.tasks, automationName: UiAutomator2, deviceName: sdk_gphone64_x86_64, noReset: false, platformName: android, resetKeyboard: true, udid: emulator-5554, unicodeKeyboard: true}, deviceApiLevel: 36, deviceManufacturer: Google, deviceModel: sdk_gphone64_x86_64, deviceName: emulator-5554, deviceScreenDensity: 420, deviceScreenSize: 1080x2400, deviceUDID: emulator-5554, javascriptEnabled: true, locationContextEnabled: false, networkConnectionEnabled: true, noReset: false, pixelRatio: 2.625, platform: LINUX, platformName: Android, platformVersion: 16, resetKeyboard: true, statBarHeight: 136, takesScreenshot: true, udid: emulator-5554, unicodeKeyboard: true, viewportRect: {height: 2264, left: 0, top: 136, width: 1080}, warnings: {}, webStorageEnabled: false}
Session ID: b95cefef-1e6e-4d50-bf3f-415cf83ed1b0
*** Element info: {Using=-android uiautomator, value=new UiSelector().text(&quot;Tomorrow 1 PM&quot;)}
	at java.base/jdk.internal.reflect.DirectConstructorHandleAccessor.newInstance(DirectConstructorHandleAccessor.java:62)
	at java.base/java.lang.reflect.Constructor.newInstanceWithCaller(Constructor.java:499)
	at java.base/java.lang.reflect.Constructor.newInstance(Constructor.java:483)
	at org.openqa.selenium.remote.http.W3CHttpResponseCodec.createException(W3CHttpResponseCodec.java:187)
	at org.openqa.selenium.remote.http.W3CHttpResponseCodec.decode(W3CHttpResponseCodec.java:122)
	at org.openqa.selenium.remote.http.W3CHttpResponseCodec.decode(W3CHttpResponseCodec.java:49)
	at org.openqa.selenium.remote.HttpCommandExecutor.execute(HttpCommandExecutor.java:158)
	at io.appium.java_client.remote.AppiumCommandExecutor.execute(AppiumCommandExecutor.java:250)
	at org.openqa.selenium.remote.RemoteWebDriver.execute(RemoteWebDriver.java:552)
	at io.appium.java_client.DefaultGenericMobileDriver.execute(DefaultGenericMobileDriver.java:41)
	at io.appium.java_client.AppiumDriver.execute(AppiumDriver.java:1)
	at io.appium.java_client.android.AndroidDriver.execute(AndroidDriver.java:1)
	at org.openqa.selenium.remote.RemoteWebDriver.findElement(RemoteWebDriver.java:323)
	at io.appium.java_client.DefaultGenericMobileDriver.findElement(DefaultGenericMobileDriver.java:61)
	at io.appium.java_client.AppiumDriver.findElement(AppiumDriver.java:1)
	at io.appium.java_client.android.AndroidDriver.findElement(AndroidDriver.java:1)
	at io.appium.java_client.FindsByAndroidUIAutomator.findElementByAndroidUIAutomator(FindsByAndroidUIAutomator.java:38)
	at io.appium.java_client.MobileBy$ByAndroidUIAutomator.findElement(MobileBy.java:220)
	at org.openqa.selenium.remote.RemoteWebDriver.findElement(RemoteWebDriver.java:315)
	at io.appium.java_client.DefaultGenericMobileDriver.findElement(DefaultGenericMobileDriver.java:57)
	at io.appium.java_client.AppiumDriver.findElement(AppiumDriver.java:1)
	at io.appium.java_client.android.AndroidDriver.findElement(AndroidDriver.java:1)
	at org.openqa.selenium.support.ui.ExpectedConditions$7.apply(ExpectedConditions.java:205)
	at org.openqa.selenium.support.ui.ExpectedConditions$7.apply(ExpectedConditions.java:201)
	at org.openqa.selenium.support.ui.ExpectedConditions$22.apply(ExpectedConditions.java:641)
	at org.openqa.selenium.support.ui.ExpectedConditions$22.apply(ExpectedConditions.java:638)
	at org.openqa.selenium.support.ui.FluentWait.until(FluentWait.java:249)
	... 27 more
</pre></div></td>
<td>32</td>
<td>QA_Bootcamp.Hala_Test.TS2_EditTask@fa4c865</td></tr>
<tr>
<td title='QA_Bootcamp.Ahmed_Test.Test_Sorting.testFullSortingFlow()'><b>testFullSortingFlow</b><br>Test class: QA_Bootcamp.Ahmed_Test.Test_Sorting<br>Parameters: None, false, By title, false, By title, false, By creation time, false</td>
<td><div><pre>java.lang.AssertionError: Sorting flow failed for grouping: &apos;None&apos;, sorting: &apos;By title&apos;, subtask: &apos;By title&apos;, completed: &apos;By creation time&apos; expected [true] but found [false]
	at QA_Bootcamp.Ahmed_Test.Test_Sorting.testFullSortingFlow(Test_Sorting.java:35)
	at java.base/java.util.ArrayList.forEach(ArrayList.java:1604)
... Removed 28 stack frames</pre></div><a href='#' onClick='toggleBox("stack-trace1734387997", this, "Click to show all stack frames", "Click to hide stack frames")'>Click to show all stack frames</a>
<div class='stack-trace' id='stack-trace1734387997'><pre>java.lang.AssertionError: Sorting flow failed for grouping: &apos;None&apos;, sorting: &apos;By title&apos;, subtask: &apos;By title&apos;, completed: &apos;By creation time&apos; expected [true] but found [false]
	at org.testng.Assert.fail(Assert.java:111)
	at org.testng.Assert.failNotEquals(Assert.java:1590)
	at org.testng.Assert.assertTrue(Assert.java:57)
	at QA_Bootcamp.Ahmed_Test.Test_Sorting.testFullSortingFlow(Test_Sorting.java:35)
	at java.base/jdk.internal.reflect.DirectMethodHandleAccessor.invoke(DirectMethodHandleAccessor.java:104)
	at java.base/java.lang.reflect.Method.invoke(Method.java:565)
	at org.testng.internal.invokers.MethodInvocationHelper.invokeMethod(MethodInvocationHelper.java:141)
	at org.testng.internal.invokers.TestInvoker.invokeMethod(TestInvoker.java:687)
	at org.testng.internal.invokers.TestInvoker.invokeTestMethod(TestInvoker.java:230)
	at org.testng.internal.invokers.MethodRunner.runInSequence(MethodRunner.java:63)
	at org.testng.internal.invokers.TestInvoker$MethodInvocationAgent.invoke(TestInvoker.java:995)
	at org.testng.internal.invokers.TestInvoker.invokeTestMethods(TestInvoker.java:203)
	at org.testng.internal.invokers.TestMethodWorker.invokeTestMethods(TestMethodWorker.java:154)
	at org.testng.internal.invokers.TestMethodWorker.run(TestMethodWorker.java:134)
	at java.base/java.util.ArrayList.forEach(ArrayList.java:1604)
	at org.testng.TestRunner.privateRun(TestRunner.java:741)
	at org.testng.TestRunner.run(TestRunner.java:616)
	at org.testng.SuiteRunner.runTest(SuiteRunner.java:421)
	at org.testng.SuiteRunner.runSequentially(SuiteRunner.java:413)
	at org.testng.SuiteRunner.privateRun(SuiteRunner.java:373)
	at org.testng.SuiteRunner.run(SuiteRunner.java:312)
	at org.testng.SuiteRunnerWorker.runSuite(SuiteRunnerWorker.java:52)
	at org.testng.SuiteRunnerWorker.run(SuiteRunnerWorker.java:95)
	at org.testng.TestNG.runSuitesSequentially(TestNG.java:1274)
	at org.testng.TestNG.runSuitesLocally(TestNG.java:1208)
	at org.testng.TestNG.runSuites(TestNG.java:1112)
	at org.testng.TestNG.run(TestNG.java:1079)
	at org.testng.remote.AbstractRemoteTestNG.run(AbstractRemoteTestNG.java:115)
	at org.testng.remote.RemoteTestNG.initAndRun(RemoteTestNG.java:293)
	at org.testng.remote.RemoteTestNG.main(RemoteTestNG.java:91)
</pre></div></td>
<td>25</td>
<td>QA_Bootcamp.Ahmed_Test.Test_Sorting@d35dea7</td></tr>
</table><p>
<table width='100%' border='1' class='invocation-passed'>
<tr><td colspan='4' align='center'><b>PASSED TESTS</b></td></tr>
<tr><td><b>Test method</b></td>
<td><b>Attribute(s)</b></td>
<td width="30%"><b>Exception</b></td>
<td width="10%"><b>Time (seconds)</b></td>
<td><b>Instance</b></td>
</tr>
<tr>
<td title='QA_Bootcamp.Badawi_Test.TS4_CompleteTask.RabidCompleteClick()'><b>RabidCompleteClick</b><br>Test class: QA_Bootcamp.Badawi_Test.TS4_CompleteTask</td>
<td></td>
<td>26</td>
<td>QA_Bootcamp.Badawi_Test.TS4_CompleteTask@24313fcc</td></tr>
<tr>
<td title='QA_Bootcamp.Saif_Test.TestingS.testSetDueDateThenClear()'><b>testSetDueDateThenClear</b><br>Test class: QA_Bootcamp.Saif_Test.TestingS</td>
<td></td>
<td>9</td>
<td>QA_Bootcamp.Saif_Test.TestingS@7770f470</td></tr>
<tr>
<td title='QA_Bootcamp.Ahmed_Test.Test_Search.resetSearchBarTest()'><b>resetSearchBarTest</b><br>Test class: QA_Bootcamp.Ahmed_Test.Test_Search<br>Parameters: Task A, TRUE</td>
<td></td>
<td>5</td>
<td>QA_Bootcamp.Ahmed_Test.Test_Search@247bddad</td></tr>
<tr>
<td title='QA_Bootcamp.Badawi_Test.TS4_CompleteTask.MarkTaskCompleteDetail()'><b>MarkTaskCompleteDetail</b><br>Test class: QA_Bootcamp.Badawi_Test.TS4_CompleteTask</td>
<td></td>
<td>16</td>
<td>QA_Bootcamp.Badawi_Test.TS4_CompleteTask@24313fcc</td></tr>
<tr>
<td title='QA_Bootcamp.Ahmed_Test.Test_Search.validInvalidSearchTest()'><b>validInvalidSearchTest</b><br>Test class: QA_Bootcamp.Ahmed_Test.Test_Search<br>Parameters: IAM  INVALID TASK, FALSE</td>
<td></td>
<td>3</td>
<td>QA_Bootcamp.Ahmed_Test.Test_Search@247bddad</td></tr>
<tr>
<td title='QA_Bootcamp.Saif_Test.TestingS.testRemoveRecurringFromTask()'><b>testRemoveRecurringFromTask</b><br>Test class: QA_Bootcamp.Saif_Test.TestingS</td>
<td></td>
<td>4</td>
<td>QA_Bootcamp.Saif_Test.TestingS@7770f470</td></tr>
<tr>
<td title='QA_Bootcamp.Saif_Test.TestingS.testCreateRecurringTaskDaily()'><b>testCreateRecurringTaskDaily</b><br>Test class: QA_Bootcamp.Saif_Test.TestingS</td>
<td></td>
<td>9</td>
<td>QA_Bootcamp.Saif_Test.TestingS@7770f470</td></tr>
<tr>
<td title='QA_Bootcamp.Ahmed_Test.Test_Search.validInvalidSearchTest()'><b>validInvalidSearchTest</b><br>Test class: QA_Bootcamp.Ahmed_Test.Test_Search<br>Parameters:      Q      , FALSE</td>
<td></td>
<td>3</td>
<td>QA_Bootcamp.Ahmed_Test.Test_Search@247bddad</td></tr>
<tr>
<td title='QA_Bootcamp.Badawi_Test.TS3_DeleteTask.DeleteMultipleTasks()'><b>DeleteMultipleTasks</b><br>Test class: QA_Bootcamp.Badawi_Test.TS3_DeleteTask</td>
<td></td>
<td>30</td>
<td>QA_Bootcamp.Badawi_Test.TS3_DeleteTask@5e5d171f</td></tr>
<tr>
<td title='QA_Bootcamp.Hala_Test.TS1_AddTask.testAddSimpleTask()'><b>testAddSimpleTask</b><br>Test class: QA_Bootcamp.Hala_Test.TS1_AddTask</td>
<td></td>
<td>13</td>
<td>QA_Bootcamp.Hala_Test.TS1_AddTask@7817fd62</td></tr>
<tr>
<td title='QA_Bootcamp.Ahmed_Test.Test_Sorting.testFullSortingFlow()'><b>testFullSortingFlow</b><br>Test class: QA_Bootcamp.Ahmed_Test.Test_Sorting<br>Parameters: By list, true, Smart sort, true, Smart sort, true, By last modified, true</td>
<td></td>
<td>14</td>
<td>QA_Bootcamp.Ahmed_Test.Test_Sorting@d35dea7</td></tr>
<tr>
<td title='QA_Bootcamp.Ahmed_Test.Test_Search.validInvalidSearchTest()'><b>validInvalidSearchTest</b><br>Test class: QA_Bootcamp.Ahmed_Test.Test_Search<br>Parameters: -9, FALSE</td>
<td></td>
<td>3</td>
<td>QA_Bootcamp.Ahmed_Test.Test_Search@247bddad</td></tr>
<tr>
<td title='QA_Bootcamp.Ahmed_Test.Test_Sorting.testCompletedWorkflowClose()'><b>testCompletedWorkflowClose</b><br>Test class: QA_Bootcamp.Ahmed_Test.Test_Sorting</td>
<td></td>
<td>6</td>
<td>QA_Bootcamp.Ahmed_Test.Test_Sorting@d35dea7</td></tr>
<tr>
<td title='QA_Bootcamp.Saif_Test.TestingS.testAddReminderWhenOverdue()'><b>testAddReminderWhenOverdue</b><br>Test class: QA_Bootcamp.Saif_Test.TestingS</td>
<td></td>
<td>13</td>
<td>QA_Bootcamp.Saif_Test.TestingS@7770f470</td></tr>
<tr>
<td title='QA_Bootcamp.Ahmed_Test.Test_Sorting.testFullSortingFlow()'><b>testFullSortingFlow</b><br>Test class: QA_Bootcamp.Ahmed_Test.Test_Sorting<br>Parameters: By priority, true, By priority, true, By priority, true, By start date, true</td>
<td></td>
<td>17</td>
<td>QA_Bootcamp.Ahmed_Test.Test_Sorting@d35dea7</td></tr>
<tr>
<td title='QA_Bootcamp.Badawi_Test.TS3_DeleteTask.AddDemoTasks()'><b>AddDemoTasks</b><br>Test class: QA_Bootcamp.Badawi_Test.TS3_DeleteTask</td>
<td></td>
<td>20</td>
<td>QA_Bootcamp.Badawi_Test.TS3_DeleteTask@5e5d171f</td></tr>
<tr>
<td title='QA_Bootcamp.Badawi_Test.TS3_DeleteTask.DeletePriority4()'><b>DeletePriority4</b><br>Test class: QA_Bootcamp.Badawi_Test.TS3_DeleteTask</td>
<td></td>
<td>15</td>
<td>QA_Bootcamp.Badawi_Test.TS3_DeleteTask@5e5d171f</td></tr>
<tr>
<td title='QA_Bootcamp.Saif_Test.TestingS.testEnableAndAddReminder()'><b>testEnableAndAddReminder</b><br>Test class: QA_Bootcamp.Saif_Test.TestingS</td>
<td></td>
<td>16</td>
<td>QA_Bootcamp.Saif_Test.TestingS@7770f470</td></tr>
<tr>
<td title='QA_Bootcamp.Hala_Test.TS1_AddTask.testAddInvalidTaskTitle()'><b>testAddInvalidTaskTitle</b><br>Test class: QA_Bootcamp.Hala_Test.TS1_AddTask</td>
<td></td>
<td>11</td>
<td>QA_Bootcamp.Hala_Test.TS1_AddTask@7817fd62</td></tr>
<tr>
<td title='QA_Bootcamp.Badawi_Test.TS4_CompleteTask.CompletePriority1()'><b>CompletePriority1</b><br>Test class: QA_Bootcamp.Badawi_Test.TS4_CompleteTask</td>
<td></td>
<td>22</td>
<td>QA_Bootcamp.Badawi_Test.TS4_CompleteTask@24313fcc</td></tr>
<tr>
<td title='QA_Bootcamp.Saif_Test.TestingS.testRemoveDefaultWhenDueReminder()'><b>testRemoveDefaultWhenDueReminder</b><br>Test class: QA_Bootcamp.Saif_Test.TestingS</td>
<td></td>
<td>8</td>
<td>QA_Bootcamp.Saif_Test.TestingS@7770f470</td></tr>
<tr>
<td title='QA_Bootcamp.Hala_Test.TS2_EditTask.testEditTaskDueDate()'><b>testEditTaskDueDate</b><br>Test class: QA_Bootcamp.Hala_Test.TS2_EditTask</td>
<td></td>
<td>21</td>
<td>QA_Bootcamp.Hala_Test.TS2_EditTask@fa4c865</td></tr>
<tr>
<td title='QA_Bootcamp.Hala_Test.TS1_AddTask.testAddTaskWithPriority()'><b>testAddTaskWithPriority</b><br>Test class: QA_Bootcamp.Hala_Test.TS1_AddTask</td>
<td></td>
<td>13</td>
<td>QA_Bootcamp.Hala_Test.TS1_AddTask@7817fd62</td></tr>
<tr>
<td title='QA_Bootcamp.Hala_Test.TS1_AddTask.testDuplicatedTask()'><b>testDuplicatedTask</b><br>Test class: QA_Bootcamp.Hala_Test.TS1_AddTask</td>
<td></td>
<td>15</td>
<td>QA_Bootcamp.Hala_Test.TS1_AddTask@7817fd62</td></tr>
<tr>
<td title='QA_Bootcamp.Badawi_Test.TS3_DeleteTask.DeleteAllTask()'><b>DeleteAllTask</b><br>Test class: QA_Bootcamp.Badawi_Test.TS3_DeleteTask</td>
<td></td>
<td>31</td>
<td>QA_Bootcamp.Badawi_Test.TS3_DeleteTask@5e5d171f</td></tr>
<tr>
<td title='QA_Bootcamp.Hala_Test.TS1_AddTask.addSubtaskAndVerify()'><b>addSubtaskAndVerify</b><br>Test class: QA_Bootcamp.Hala_Test.TS1_AddTask</td>
<td></td>
<td>17</td>
<td>QA_Bootcamp.Hala_Test.TS1_AddTask@7817fd62</td></tr>
<tr>
<td title='QA_Bootcamp.Badawi_Test.TS4_CompleteTask.CompletePriority4()'><b>CompletePriority4</b><br>Test class: QA_Bootcamp.Badawi_Test.TS4_CompleteTask</td>
<td></td>
<td>22</td>
<td>QA_Bootcamp.Badawi_Test.TS4_CompleteTask@24313fcc</td></tr>
<tr>
<td title='QA_Bootcamp.Ahmed_Test.Test_Sorting.testFullSortingFlow()'><b>testFullSortingFlow</b><br>Test class: QA_Bootcamp.Ahmed_Test.Test_Sorting<br>Parameters: By start date, true, By start date, true, By start date, true, By due date, true</td>
<td></td>
<td>15</td>
<td>QA_Bootcamp.Ahmed_Test.Test_Sorting@d35dea7</td></tr>
<tr>
<td title='QA_Bootcamp.Hala_Test.TS1_AddTask.testAddTaskWithDailyRecurrence()'><b>testAddTaskWithDailyRecurrence</b><br>Test class: QA_Bootcamp.Hala_Test.TS1_AddTask</td>
<td></td>
<td>13</td>
<td>QA_Bootcamp.Hala_Test.TS1_AddTask@7817fd62</td></tr>
<tr>
<td title='QA_Bootcamp.Badawi_Test.TS3_DeleteTask.DeleteFromSearch()'><b>DeleteFromSearch</b><br>Test class: QA_Bootcamp.Badawi_Test.TS3_DeleteTask</td>
<td></td>
<td>16</td>
<td>QA_Bootcamp.Badawi_Test.TS3_DeleteTask@5e5d171f</td></tr>
<tr>
<td title='QA_Bootcamp.Badawi_Test.TS4_CompleteTask.CompletePriority3()'><b>CompletePriority3</b><br>Test class: QA_Bootcamp.Badawi_Test.TS4_CompleteTask</td>
<td></td>
<td>22</td>
<td>QA_Bootcamp.Badawi_Test.TS4_CompleteTask@24313fcc</td></tr>
<tr>
<td title='QA_Bootcamp.Hala_Test.TS2_EditTask.testEditTaskDescriptionAndPriority()'><b>testEditTaskDescriptionAndPriority</b><br>Test class: QA_Bootcamp.Hala_Test.TS2_EditTask</td>
<td></td>
<td>22</td>
<td>QA_Bootcamp.Hala_Test.TS2_EditTask@fa4c865</td></tr>
<tr>
<td title='QA_Bootcamp.Hala_Test.TS1_AddTask.test_Invalid_Date()'><b>test_Invalid_Date</b><br>Test class: QA_Bootcamp.Hala_Test.TS1_AddTask</td>
<td></td>
<td>19</td>
<td>QA_Bootcamp.Hala_Test.TS1_AddTask@7817fd62</td></tr>
<tr>
<td title='QA_Bootcamp.Ahmed_Test.Test_Sorting.testFullSortingFlow()'><b>testFullSortingFlow</b><br>Test class: QA_Bootcamp.Ahmed_Test.Test_Sorting<br>Parameters: By creation time, true, By creation time, true, By creation time, true, By title, true</td>
<td></td>
<td>16</td>
<td>QA_Bootcamp.Ahmed_Test.Test_Sorting@d35dea7</td></tr>
<tr>
<td title='QA_Bootcamp.Ahmed_Test.Test_Search.resetSearchBarTest()'><b>resetSearchBarTest</b><br>Test class: QA_Bootcamp.Ahmed_Test.Test_Search<br>Parameters:       , TRUE</td>
<td></td>
<td>4</td>
<td>QA_Bootcamp.Ahmed_Test.Test_Search@247bddad</td></tr>
<tr>
<td title='QA_Bootcamp.Badawi_Test.TS4_CompleteTask.MarkTaskUncomplete()'><b>MarkTaskUncomplete</b><br>Test class: QA_Bootcamp.Badawi_Test.TS4_CompleteTask</td>
<td></td>
<td>4</td>
<td>QA_Bootcamp.Badawi_Test.TS4_CompleteTask@24313fcc</td></tr>
<tr>
<td title='QA_Bootcamp.Ahmed_Test.Test_Sorting.testFullSortingFlow()'><b>testFullSortingFlow</b><br>Test class: QA_Bootcamp.Ahmed_Test.Test_Sorting<br>Parameters: By due date, true, By due date, true, My order, true, By my order, true</td>
<td></td>
<td>16</td>
<td>QA_Bootcamp.Ahmed_Test.Test_Sorting@d35dea7</td></tr>
<tr>
<td title='QA_Bootcamp.Ahmed_Test.Test_Sorting.testFullSortingFlow()'><b>testFullSortingFlow</b><br>Test class: QA_Bootcamp.Ahmed_Test.Test_Sorting<br>Parameters: By priority, false, By priority, false, By priority, false, By start date, false</td>
<td></td>
<td>15</td>
<td>QA_Bootcamp.Ahmed_Test.Test_Sorting@d35dea7</td></tr>
<tr>
<td title='QA_Bootcamp.Hala_Test.TS1_AddTask.testAddEmptyTaskTitle()'><b>testAddEmptyTaskTitle</b><br>Test class: QA_Bootcamp.Hala_Test.TS1_AddTask</td>
<td></td>
<td>3</td>
<td>QA_Bootcamp.Hala_Test.TS1_AddTask@7817fd62</td></tr>
<tr>
<td title='QA_Bootcamp.Badawi_Test.TS3_DeleteTask.DeletePriority3()'><b>DeletePriority3</b><br>Test class: QA_Bootcamp.Badawi_Test.TS3_DeleteTask</td>
<td></td>
<td>15</td>
<td>QA_Bootcamp.Badawi_Test.TS3_DeleteTask@5e5d171f</td></tr>
<tr>
<td title='QA_Bootcamp.Hala_Test.TS1_AddTask.testAddTaskWithDueDateTomorrow()'><b>testAddTaskWithDueDateTomorrow</b><br>Test class: QA_Bootcamp.Hala_Test.TS1_AddTask</td>
<td></td>
<td>16</td>
<td>QA_Bootcamp.Hala_Test.TS1_AddTask@7817fd62</td></tr>
<tr>
<td title='QA_Bootcamp.Hala_Test.TS2_EditTask.testEditTaskTitle()'><b>testEditTaskTitle</b><br>Test class: QA_Bootcamp.Hala_Test.TS2_EditTask</td>
<td></td>
<td>16</td>
<td>QA_Bootcamp.Hala_Test.TS2_EditTask@fa4c865</td></tr>
<tr>
<td title='QA_Bootcamp.Badawi_Test.TS3_DeleteTask.DeleteTask()'><b>DeleteTask</b><br>Test class: QA_Bootcamp.Badawi_Test.TS3_DeleteTask</td>
<td></td>
<td>5</td>
<td>QA_Bootcamp.Badawi_Test.TS3_DeleteTask@5e5d171f</td></tr>
<tr>
<td title='QA_Bootcamp.Badawi_Test.TS4_CompleteTask.MarkTaskComplete()'><b>MarkTaskComplete</b><br>Test class: QA_Bootcamp.Badawi_Test.TS4_CompleteTask</td>
<td></td>
<td>3</td>
<td>QA_Bootcamp.Badawi_Test.TS4_CompleteTask@24313fcc</td></tr>
<tr>
<td title='QA_Bootcamp.Saif_Test.TestingS.testCreateRecurringTaskWeekly()'><b>testCreateRecurringTaskWeekly</b><br>Test class: QA_Bootcamp.Saif_Test.TestingS</td>
<td></td>
<td>12</td>
<td>QA_Bootcamp.Saif_Test.TestingS@7770f470</td></tr>
<tr>
<td title='QA_Bootcamp.Hala_Test.TS1_AddTask.testAddTaskWithDueDateToday()'><b>testAddTaskWithDueDateToday</b><br>Test class: QA_Bootcamp.Hala_Test.TS1_AddTask</td>
<td></td>
<td>14</td>
<td>QA_Bootcamp.Hala_Test.TS1_AddTask@7817fd62</td></tr>
<tr>
<td title='QA_Bootcamp.Ahmed_Test.Test_Search.validInvalidSearchTest()'><b>validInvalidSearchTest</b><br>Test class: QA_Bootcamp.Ahmed_Test.Test_Search<br>Parameters: 1, TRUE</td>
<td></td>
<td>3</td>
<td>QA_Bootcamp.Ahmed_Test.Test_Search@247bddad</td></tr>
<tr>
<td title='QA_Bootcamp.Hala_Test.TS1_AddTask.testAddTaskWithDescription()'><b>testAddTaskWithDescription</b><br>Test class: QA_Bootcamp.Hala_Test.TS1_AddTask</td>
<td></td>
<td>13</td>
<td>QA_Bootcamp.Hala_Test.TS1_AddTask@7817fd62</td></tr>
<tr>
<td title='QA_Bootcamp.Hala_Test.TS1_AddTask.testAddTaskWithExpiredDate()'><b>testAddTaskWithExpiredDate</b><br>Test class: QA_Bootcamp.Hala_Test.TS1_AddTask</td>
<td></td>
<td>16</td>
<td>QA_Bootcamp.Hala_Test.TS1_AddTask@7817fd62</td></tr>
<tr>
<td title='QA_Bootcamp.Badawi_Test.TS4_CompleteTask.MarkTaskUncompleteDetail()'><b>MarkTaskUncompleteDetail</b><br>Test class: QA_Bootcamp.Badawi_Test.TS4_CompleteTask</td>
<td></td>
<td>19</td>
<td>QA_Bootcamp.Badawi_Test.TS4_CompleteTask@24313fcc</td></tr>
<tr>
<td title='QA_Bootcamp.Ahmed_Test.Test_Sorting.testFullSortingFlow()'><b>testFullSortingFlow</b><br>Test class: QA_Bootcamp.Ahmed_Test.Test_Sorting<br>Parameters: By last modified, false, By last modified, false, By last modified, false, By priority, false</td>
<td></td>
<td>15</td>
<td>QA_Bootcamp.Ahmed_Test.Test_Sorting@d35dea7</td></tr>
<tr>
<td title='QA_Bootcamp.Ahmed_Test.Test_Search.AddDemoTask()'><b>AddDemoTask</b><br>Test class: QA_Bootcamp.Ahmed_Test.Test_Search</td>
<td></td>
<td>14</td>
<td>QA_Bootcamp.Ahmed_Test.Test_Search@247bddad</td></tr>
<tr>
<td title='QA_Bootcamp.Hala_Test.TS1_AddTask.testAddTagAndTaskWithTag()'><b>testAddTagAndTaskWithTag</b><br>Test class: QA_Bootcamp.Hala_Test.TS1_AddTask</td>
<td></td>
<td>16</td>
<td>QA_Bootcamp.Hala_Test.TS1_AddTask@7817fd62</td></tr>
<tr>
<td title='QA_Bootcamp.Ahmed_Test.Test_Search.validInvalidSearchTest()'><b>validInvalidSearchTest</b><br>Test class: QA_Bootcamp.Ahmed_Test.Test_Search<br>Parameters:      , FALSE</td>
<td></td>
<td>3</td>
<td>QA_Bootcamp.Ahmed_Test.Test_Search@247bddad</td></tr>
<tr>
<td title='QA_Bootcamp.Hala_Test.TS1_AddTask.testAddTaskWithoutDueDate()'><b>testAddTaskWithoutDueDate</b><br>Test class: QA_Bootcamp.Hala_Test.TS1_AddTask</td>
<td></td>
<td>13</td>
<td>QA_Bootcamp.Hala_Test.TS1_AddTask@7817fd62</td></tr>
<tr>
<td title='QA_Bootcamp.Saif_Test.TestingS.testEditMultipleRemindersTo20Min()'><b>testEditMultipleRemindersTo20Min</b><br>Test class: QA_Bootcamp.Saif_Test.TestingS</td>
<td></td>
<td>136</td>
<td>QA_Bootcamp.Saif_Test.TestingS@7770f470</td></tr>
<tr>
<td title='QA_Bootcamp.Badawi_Test.TS4_CompleteTask.CompletePriority2()'><b>CompletePriority2</b><br>Test class: QA_Bootcamp.Badawi_Test.TS4_CompleteTask</td>
<td></td>
<td>23</td>
<td>QA_Bootcamp.Badawi_Test.TS4_CompleteTask@24313fcc</td></tr>
<tr>
<td title='QA_Bootcamp.Ahmed_Test.Test_Search.validInvalidSearchTest()'><b>validInvalidSearchTest</b><br>Test class: QA_Bootcamp.Ahmed_Test.Test_Search<br>Parameters: , TRUE</td>
<td></td>
<td>3</td>
<td>QA_Bootcamp.Ahmed_Test.Test_Search@247bddad</td></tr>
<tr>
<td title='QA_Bootcamp.Badawi_Test.TS4_CompleteTask.UndoCompletion()'><b>UndoCompletion</b><br>Test class: QA_Bootcamp.Badawi_Test.TS4_CompleteTask</td>
<td></td>
<td>0</td>
<td>QA_Bootcamp.Badawi_Test.TS4_CompleteTask@24313fcc</td></tr>
<tr>
<td title='QA_Bootcamp.Saif_Test.TestingS.testAddAfterRemovingReminder()'><b>testAddAfterRemovingReminder</b><br>Test class: QA_Bootcamp.Saif_Test.TestingS</td>
<td></td>
<td>20</td>
<td>QA_Bootcamp.Saif_Test.TestingS@7770f470</td></tr>
<tr>
<td title='QA_Bootcamp.Ahmed_Test.Test_Search.collapseArrowTest()'><b>collapseArrowTest</b><br>Test class: QA_Bootcamp.Ahmed_Test.Test_Search</td>
<td></td>
<td>0</td>
<td>QA_Bootcamp.Ahmed_Test.Test_Search@247bddad</td></tr>
<tr>
<td title='QA_Bootcamp.Ahmed_Test.Test_Sorting.testFullSortingFlow()'><b>testFullSortingFlow</b><br>Test class: QA_Bootcamp.Ahmed_Test.Test_Sorting<br>Parameters: By creation time, false, By creation time, false, By creation time, false, By title, false</td>
<td></td>
<td>16</td>
<td>QA_Bootcamp.Ahmed_Test.Test_Sorting@d35dea7</td></tr>
<tr>
<td title='QA_Bootcamp.Ahmed_Test.Test_Sorting.testFullSortingFlow()'><b>testFullSortingFlow</b><br>Test class: QA_Bootcamp.Ahmed_Test.Test_Sorting<br>Parameters: By list, false, Smart sort, false, Smart sort, false, By last modified, false</td>
<td></td>
<td>15</td>
<td>QA_Bootcamp.Ahmed_Test.Test_Sorting@d35dea7</td></tr>
<tr>
<td title='QA_Bootcamp.Saif_Test.TestingS.testEditRecurringTaskToDaily()'><b>testEditRecurringTaskToDaily</b><br>Test class: QA_Bootcamp.Saif_Test.TestingS</td>
<td></td>
<td>4</td>
<td>QA_Bootcamp.Saif_Test.TestingS@7770f470</td></tr>
<tr>
<td title='QA_Bootcamp.Ahmed_Test.Test_Search.validInvalidSearchTest()'><b>validInvalidSearchTest</b><br>Test class: QA_Bootcamp.Ahmed_Test.Test_Search<br>Parameters: Task A, TRUE</td>
<td></td>
<td>4</td>
<td>QA_Bootcamp.Ahmed_Test.Test_Search@247bddad</td></tr>
<tr>
<td title='QA_Bootcamp.Badawi_Test.TS3_DeleteTask.ClearCompleteTask()'><b>ClearCompleteTask</b><br>Test class: QA_Bootcamp.Badawi_Test.TS3_DeleteTask</td>
<td></td>
<td>17</td>
<td>QA_Bootcamp.Badawi_Test.TS3_DeleteTask@5e5d171f</td></tr>
<tr>
<td title='QA_Bootcamp.Ahmed_Test.Test_Search.resetSearchBarTest()'><b>resetSearchBarTest</b><br>Test class: QA_Bootcamp.Ahmed_Test.Test_Search<br>Parameters: #$%$#$#, TRUE</td>
<td></td>
<td>4</td>
<td>QA_Bootcamp.Ahmed_Test.Test_Search@247bddad</td></tr>
<tr>
<td title='QA_Bootcamp.Saif_Test.TestingS.testAddReminderWhenStarted()'><b>testAddReminderWhenStarted</b><br>Test class: QA_Bootcamp.Saif_Test.TestingS</td>
<td></td>
<td>16</td>
<td>QA_Bootcamp.Saif_Test.TestingS@7770f470</td></tr>
<tr>
<td title='QA_Bootcamp.Badawi_Test.TS3_DeleteTask.DeletePriority1()'><b>DeletePriority1</b><br>Test class: QA_Bootcamp.Badawi_Test.TS3_DeleteTask</td>
<td></td>
<td>15</td>
<td>QA_Bootcamp.Badawi_Test.TS3_DeleteTask@5e5d171f</td></tr>
<tr>
<td title='QA_Bootcamp.Badawi_Test.TS4_CompleteTask.MarkCompleteWithSubtasks()'><b>MarkCompleteWithSubtasks</b><br>Test class: QA_Bootcamp.Badawi_Test.TS4_CompleteTask</td>
<td></td>
<td>26</td>
<td>QA_Bootcamp.Badawi_Test.TS4_CompleteTask@24313fcc</td></tr>
<tr>
<td title='QA_Bootcamp.Saif_Test.TestingS.testEditDueDateReminder()'><b>testEditDueDateReminder</b><br>Test class: QA_Bootcamp.Saif_Test.TestingS</td>
<td></td>
<td>7</td>
<td>QA_Bootcamp.Saif_Test.TestingS@7770f470</td></tr>
<tr>
<td title='QA_Bootcamp.Badawi_Test.TS3_DeleteTask.DeleteMixedTask()'><b>DeleteMixedTask</b><br>Test class: QA_Bootcamp.Badawi_Test.TS3_DeleteTask</td>
<td></td>
<td>28</td>
<td>QA_Bootcamp.Badawi_Test.TS3_DeleteTask@5e5d171f</td></tr>
<tr>
<td title='QA_Bootcamp.Ahmed_Test.Test_Search.validInvalidSearchTest()'><b>validInvalidSearchTest</b><br>Test class: QA_Bootcamp.Ahmed_Test.Test_Search<br>Parameters: 1233333333333333333sdsaFDSFAAAADDDDDDDDDDDDDDDDDDDDDDD1233333333333333333sdsaFDSFAAAADDDDDDDDDDDDDDDDDDDDDDD1233333333333333333sdsaFDSFAAAADDDDDDDDDDDDDDDDDDDDDDD1233333333333333333sdsaFDSFAAAADDDDDDDDDDDDDDDDDDDDDDD1233333333333333333sdsaFDSFAAAADDDDDDDDDDDDDDDDDDDDDDD1233333333333333333sdsaFDSFAAAADDDDDDDDDDDDDDDDDDDDDDD1233333333333333333sdsaFDSFAAAADDDDDDDDDDDDDDDDDDDDDDD1233333333333333333sdsaFDSFAAAADDDDDDDDDDDDDDDDDDDDDDD1233333333333333333sdsaFDSFAAAADDDDDDDDDDDDDDDDDDDDDDD1233333333333333333sdsaFDSFAAAADDDDDDDDDDDDDDDDDDDDDDD1233333333333333333sdsaFDSFAAAADDDDDDDDDDDDDDDDDDDDDDD1233333333333333333sdsaFDSFAAAADDDDDDDDDDDDDDDDDDDDDDD1233333333333333333sdsaFDSFAAAADDDDDDDDDDDDDDDDDDDDDDD1233333333333333333sdsaFDSFAAAADDDDDDDDDDDDDDDDDDDDDDD, FALSE</td>
<td></td>
<td>3</td>
<td>QA_Bootcamp.Ahmed_Test.Test_Search@247bddad</td></tr>
<tr>
<td title='QA_Bootcamp.Ahmed_Test.Test_Search.validInvalidSearchTest()'><b>validInvalidSearchTest</b><br>Test class: QA_Bootcamp.Ahmed_Test.Test_Search<br>Parameters: #$%$#$#, FALSE</td>
<td></td>
<td>2</td>
<td>QA_Bootcamp.Ahmed_Test.Test_Search@247bddad</td></tr>
<tr>
<td title='QA_Bootcamp.Badawi_Test.TS3_DeleteTask.DeleteFromTask()'><b>DeleteFromTask</b><br>Test class: QA_Bootcamp.Badawi_Test.TS3_DeleteTask</td>
<td></td>
<td>4</td>
<td>QA_Bootcamp.Badawi_Test.TS3_DeleteTask@5e5d171f</td></tr>
<tr>
<td title='QA_Bootcamp.Ahmed_Test.Test_Sorting.testFullSortingFlow()'><b>testFullSortingFlow</b><br>Test class: QA_Bootcamp.Ahmed_Test.Test_Sorting<br>Parameters: By due date, false, By due date, false, My order, false, By my order, false</td>
<td></td>
<td>17</td>
<td>QA_Bootcamp.Ahmed_Test.Test_Sorting@d35dea7</td></tr>
<tr>
<td title='QA_Bootcamp.Badawi_Test.TS3_DeleteTask.DeletePriority2()'><b>DeletePriority2</b><br>Test class: QA_Bootcamp.Badawi_Test.TS3_DeleteTask</td>
<td></td>
<td>15</td>
<td>QA_Bootcamp.Badawi_Test.TS3_DeleteTask@5e5d171f</td></tr>
<tr>
<td title='QA_Bootcamp.Saif_Test.TestingS.testMultipleReminders()'><b>testMultipleReminders</b><br>Test class: QA_Bootcamp.Saif_Test.TestingS</td>
<td></td>
<td>34</td>
<td>QA_Bootcamp.Saif_Test.TestingS@7770f470</td></tr>
<tr>
<td title='QA_Bootcamp.Badawi_Test.TS3_DeleteTask.CancelDeleteTask()'><b>CancelDeleteTask</b><br>Test class: QA_Bootcamp.Badawi_Test.TS3_DeleteTask</td>
<td></td>
<td>5</td>
<td>QA_Bootcamp.Badawi_Test.TS3_DeleteTask@5e5d171f</td></tr>
<tr>
<td title='QA_Bootcamp.Badawi_Test.TS4_CompleteTask.AddDemoTasks()'><b>AddDemoTasks</b><br>Test class: QA_Bootcamp.Badawi_Test.TS4_CompleteTask</td>
<td></td>
<td>20</td>
<td>QA_Bootcamp.Badawi_Test.TS4_CompleteTask@24313fcc</td></tr>
<tr>
<td title='QA_Bootcamp.Saif_Test.TestingS.testRemoveMultipleReminders()'><b>testRemoveMultipleReminders</b><br>Test class: QA_Bootcamp.Saif_Test.TestingS</td>
<td></td>
<td>11</td>
<td>QA_Bootcamp.Saif_Test.TestingS@7770f470</td></tr>
<tr>
<td title='QA_Bootcamp.Ahmed_Test.Test_Sorting.testFullSortingFlow()'><b>testFullSortingFlow</b><br>Test class: QA_Bootcamp.Ahmed_Test.Test_Sorting<br>Parameters: By start date, false, By start date, false, By start date, false, By due date, false</td>
<td></td>
<td>16</td>
<td>QA_Bootcamp.Ahmed_Test.Test_Sorting@d35dea7</td></tr>
<tr>
<td title='QA_Bootcamp.Saif_Test.TestingS.testAddReminderPickDateTime()'><b>testAddReminderPickDateTime</b><br>Test class: QA_Bootcamp.Saif_Test.TestingS</td>
<td></td>
<td>15</td>
<td>QA_Bootcamp.Saif_Test.TestingS@7770f470</td></tr>
<tr>
<td title='QA_Bootcamp.Ahmed_Test.Test_Sorting.testFullSortingFlow()'><b>testFullSortingFlow</b><br>Test class: QA_Bootcamp.Ahmed_Test.Test_Sorting<br>Parameters: By last modified, true, By last modified, true, By last modified, true, By priority, true</td>
<td></td>
<td>16</td>
<td>QA_Bootcamp.Ahmed_Test.Test_Sorting@d35dea7</td></tr>
<tr>
<td title='QA_Bootcamp.Ahmed_Test.Test_Search.resetSearchBarTest()'><b>resetSearchBarTest</b><br>Test class: QA_Bootcamp.Ahmed_Test.Test_Search<br>Parameters:       , TRUE</td>
<td></td>
<td>3</td>
<td>QA_Bootcamp.Ahmed_Test.Test_Search@247bddad</td></tr>
<tr>
<td title='QA_Bootcamp.Ahmed_Test.Test_Sorting.testCompletedWorkflowOpen()'><b>testCompletedWorkflowOpen</b><br>Test class: QA_Bootcamp.Ahmed_Test.Test_Sorting</td>
<td></td>
<td>6</td>
<td>QA_Bootcamp.Ahmed_Test.Test_Sorting@d35dea7</td></tr>
</table><p>
</body>
</html>